Watching for file changes with StatReloader
Not Found: /
"GET / HTTP/1.1" 404 3794
Not Found: /favicon.ico
"GET /favicon.ico HTTP/1.1" 404 3845
"GET /admin/ HTTP/1.1" 302 0
"GET /admin/login/?next=/admin/ HTTP/1.1" 200 4160
Not Found: /
"GET / HTTP/1.1" 404 3794
Method Not Allowed: /login/
"GET /login/ HTTP/1.1" 405 7589
Method Not Allowed: /signup/
"GET /signup/ HTTP/1.1" 405 7502
Not Found: /inspektions
"GET /inspektions HTTP/1.1" 404 3845
"GET /inspection HTTP/1.1" 301 0
Unauthorized: /inspection/
"GET /inspection/ HTTP/1.1" 401 3775
Watching for file changes with StatReloader
"GET /admin/ HTTP/1.1" 302 0
"GET /admin/login/?next=/admin/ HTTP/1.1" 200 4160
Not Found: /favicon.ico
"GET /favicon.ico HTTP/1.1" 404 3845
"POST /admin/login/?next=/admin/ HTTP/1.1" 302 0
"GET /admin/ HTTP/1.1" 200 5291
"GET /static/admin/css/dashboard.css HTTP/1.1" 200 441
"GET /static/admin/img/icon-addlink.svg HTTP/1.1" 200 331
"GET /static/admin/img/icon-changelink.svg HTTP/1.1" 200 380
E:\Inspekt_Project\inspektlabs_project\api\admin.py changed, reloading.
Watching for file changes with StatReloader
"GET /admin/ HTTP/1.1" 200 6665
"GET /admin/api/inspection/add/ HTTP/1.1" 200 12403
"GET /admin/jsi18n/ HTTP/1.1" 200 3342
"GET /static/admin/css/forms.css HTTP/1.1" 200 8794
"GET /static/admin/js/urlify.js HTTP/1.1" 200 7887
"GET /static/admin/css/widgets.css HTTP/1.1" 200 11564
"GET /static/admin/js/prepopulate.js HTTP/1.1" 200 1531
"GET /static/admin/js/admin/RelatedObjectLookups.js HTTP/1.1" 200 9097
"GET /static/admin/js/vendor/xregexp/xregexp.js HTTP/1.1" 200 325171
"GET /static/admin/js/prepopulate_init.js HTTP/1.1" 200 586
"GET /static/admin/js/jquery.init.js HTTP/1.1" 200 347
"GET /static/admin/js/core.js HTTP/1.1" 200 6208
"GET /static/admin/js/vendor/jquery/jquery.js HTTP/1.1" 200 285314
"GET /static/admin/img/icon-viewlink.svg HTTP/1.1" 200 581
"GET /static/admin/js/change_form.js HTTP/1.1" 200 606
"GET /static/admin/js/actions.js HTTP/1.1" 200 8076
"GET /admin/api/user/add/ HTTP/1.1" 200 12373
"GET /static/admin/css/unusable_password_field.css HTTP/1.1" 200 663
"GET /static/admin/js/unusable_password_field.js HTTP/1.1" 200 1480
"GET /admin/jsi18n/ HTTP/1.1" 200 3342
"POST /signup/ HTTP/1.1" 201 131
"POST /login/ HTTP/1.1" 200 483
Not Found: /
"GET / HTTP/1.1" 404 3794
Not Found: /favicon.ico
"GET /favicon.ico HTTP/1.1" 404 3845
"GET /admin/login/?next=/admin/ HTTP/1.1" 200 4160
"POST /admin/login/?next=/admin/ HTTP/1.1" 302 0
"GET /admin/ HTTP/1.1" 200 6665
"GET /static/admin/css/dashboard.css HTTP/1.1" 200 441
"GET /static/admin/img/icon-addlink.svg HTTP/1.1" 200 331
"GET /static/admin/img/icon-changelink.svg HTTP/1.1" 200 380
"GET /admin/api/inspection/ HTTP/1.1" 200 7806
"GET /static/admin/js/jquery.init.js HTTP/1.1" 200 347
"GET /static/admin/js/core.js HTTP/1.1" 200 6208
"GET /static/admin/js/admin/RelatedObjectLookups.js HTTP/1.1" 200 9097
"GET /static/admin/js/actions.js HTTP/1.1" 200 8076
"GET /static/admin/css/changelists.css HTTP/1.1" 200 6878
"GET /static/admin/js/urlify.js HTTP/1.1" 200 7887
"GET /static/admin/js/prepopulate.js HTTP/1.1" 200 1531
"GET /static/admin/js/vendor/jquery/jquery.js HTTP/1.1" 200 285314
"GET /static/admin/js/vendor/xregexp/xregexp.js HTTP/1.1" 200 325171
"GET /static/admin/js/filters.js HTTP/1.1" 200 978
"GET /admin/jsi18n/ HTTP/1.1" 200 3342
"GET /static/admin/img/tooltag-add.svg HTTP/1.1" 200 331
"GET /admin/api/inspection/ HTTP/1.1" 200 7806
"GET /static/admin/css/changelists.css HTTP/1.1" 200 6878
"GET /static/admin/js/filters.js HTTP/1.1" 200 978
"GET /admin/jsi18n/ HTTP/1.1" 200 3342
"GET /static/admin/img/tooltag-add.svg HTTP/1.1" 200 331
"GET /admin/api/inspection/add/ HTTP/1.1" 200 12441
"GET /admin/jsi18n/ HTTP/1.1" 200 3342
Unauthorized: /inspection/
"POST /inspection/ HTTP/1.1" 401 172
E:\Inspekt_Project\inspektlabs_project\inspektlabs_project\settings.py changed, reloading.
Watching for file changes with StatReloader
Not Found: /
"GET / HTTP/1.1" 404 3794
"POST /login/ HTTP/1.1" 200 483
Unauthorized: /inspection/
"POST /inspection/ HTTP/1.1" 401 172
Unauthorized: /inspection/
"POST /inspection/ HTTP/1.1" 401 172
Unauthorized: /inspection/
"POST /inspection/ HTTP/1.1" 401 172
E:\Inspekt_Project\inspektlabs_project\inspektlabs_project\settings.py changed, reloading.
Watching for file changes with StatReloader
E:\Inspekt_Project\inspektlabs_project\inspektlabs_project\settings.py changed, reloading.
Watching for file changes with StatReloader
Watching for file changes with StatReloader
Not Found: /
"GET / HTTP/1.1" 404 3794
Method Not Allowed: /login/
"GET /login/ HTTP/1.1" 405 7589
"GET /static/rest_framework/css/bootstrap-tweaks.css HTTP/1.1" 200 3426
"GET /static/rest_framework/css/bootstrap.min.css HTTP/1.1" 200 121457
"GET /static/rest_framework/js/csrf.js HTTP/1.1" 200 1793
"GET /static/rest_framework/css/prettify.css HTTP/1.1" 200 817
"GET /static/rest_framework/js/prettify-min.js HTTP/1.1" 200 13632
"GET /static/rest_framework/js/bootstrap.min.js HTTP/1.1" 200 39680
"GET /static/rest_framework/js/load-ajax-form.js HTTP/1.1" 200 59
"GET /static/rest_framework/js/default.js HTTP/1.1" 200 1268
"GET /static/rest_framework/css/default.css HTTP/1.1" 200 1152
"GET /static/rest_framework/img/grid.png HTTP/1.1" 200 1458
"GET /static/rest_framework/js/ajax-form.js HTTP/1.1" 200 3796
"GET /static/rest_framework/js/jquery-3.7.1.min.js HTTP/1.1" 200 87533
"POST /login/ HTTP/1.1" 200 8033
Not Found: /inspections/
"GET /inspections/ HTTP/1.1" 404 3848
Unauthorized: /inspection/
"GET /inspection/ HTTP/1.1" 401 3775
Unauthorized: /inspection/
"POST /inspection/ HTTP/1.1" 401 172
Not Found: /api/token/

"POST /api/token/%0A HTTP/1.1" 404 3848
"POST /login/ HTTP/1.1" 200 483
Not Found: /api/inspection/
"POST /api/inspection/ HTTP/1.1" 404 3858
E:\Inspekt_Project\inspektlabs_project\inspektlabs_project\urls.py changed, reloading.
Watching for file changes with StatReloader
"POST /api/login/ HTTP/1.1" 200 483
"POST /api/inspection/ HTTP/1.1" 201 197
"GET /api/inspection/1/ HTTP/1.1" 200 197
"PATCH /api/inspection/1/status/ HTTP/1.1" 200 20
"GET /api/inspection-list/ HTTP/1.1" 200 200
Unauthorized: /api/inspection-list/
"GET /api/inspection-list/?status=pending HTTP/1.1" 401 172
Unauthorized: /api/inspection-list/
"GET /api/inspection-list/?status=reviewed HTTP/1.1" 401 172
Unauthorized: /api/inspection-list/
"GET /api/inspection-list/ HTTP/1.1" 401 172
Method Not Allowed: /api/login/
"GET /api/login/ HTTP/1.1" 405 40
"POST /api/login/ HTTP/1.1" 200 483
"GET /api/inspection-list/?status=reviewed HTTP/1.1" 200 200
"GET /api/inspection-list/?status=pending HTTP/1.1" 200 2
E:\Inspekt_Project\inspektlabs_project\inspektlabs_project\settings.py changed, reloading.
INFO 2025-07-27 15:44:50,444 autoreload Watching for file changes with StatReloader
INFO 2025-07-27 15:44:56,519 autoreload E:\Inspekt_Project\inspektlabs_project\inspektlabs_project\settings.py changed, reloading.
INFO 2025-07-27 15:44:57,264 autoreload Watching for file changes with StatReloader
INFO 2025-07-27 15:45:05,397 autoreload E:\Inspekt_Project\inspektlabs_project\inspektlabs_project\settings.py changed, reloading.
INFO 2025-07-27 15:45:06,122 autoreload Watching for file changes with StatReloader
INFO 2025-07-27 15:45:14,304 autoreload E:\Inspekt_Project\inspektlabs_project\inspektlabs_project\settings.py changed, reloading.
INFO 2025-07-27 15:45:14,990 autoreload Watching for file changes with StatReloader
INFO 2025-07-27 15:47:15,380 autoreload E:\Inspekt_Project\inspektlabs_project\api\views.py changed, reloading.
INFO 2025-07-27 15:47:16,094 autoreload Watching for file changes with StatReloader
INFO 2025-07-27 15:47:36,799 autoreload E:\Inspekt_Project\inspektlabs_project\api\views.py changed, reloading.
INFO 2025-07-27 15:47:37,492 autoreload Watching for file changes with StatReloader
INFO 2025-07-27 15:47:41,496 autoreload E:\Inspekt_Project\inspektlabs_project\api\views.py changed, reloading.
INFO 2025-07-27 15:47:42,209 autoreload Watching for file changes with StatReloader
INFO 2025-07-27 15:50:59,149 basehttp "POST /api/signup/ HTTP/1.1" 201 131
INFO 2025-07-27 15:51:41,061 basehttp "POST /api/login/ HTTP/1.1" 200 483
WARNING 2025-07-27 15:52:53,089 log Bad Request: /api/inspection/
WARNING 2025-07-27 15:52:53,090 basehttp "POST /api/inspection/ HTTP/1.1" 400 85
INFO 2025-07-27 15:54:27,245 views POST /inspection by inspekt
INFO 2025-07-27 15:54:27,258 basehttp "POST /api/inspection/ HTTP/1.1" 201 187
WARNING 2025-07-27 15:56:22,394 log Unauthorized: /api/inspection/2/
WARNING 2025-07-27 15:56:22,394 basehttp "GET /api/inspection/2/ HTTP/1.1" 401 172
INFO 2025-07-27 15:56:42,327 basehttp "POST /api/login/ HTTP/1.1" 200 483
INFO 2025-07-27 15:57:18,677 basehttp "GET /api/inspection/2/ HTTP/1.1" 200 187
INFO 2025-07-27 15:58:39,279 views PATCH /inspection/2 by inspekt
INFO 2025-07-27 15:58:39,280 basehttp "PATCH /api/inspection/2/status/ HTTP/1.1" 200 20
WARNING 2025-07-27 16:00:30,152 log Bad Request: /api/inspection/2/status/
WARNING 2025-07-27 16:00:30,152 basehttp "PATCH /api/inspection/2/status/ HTTP/1.1" 400 26
INFO 2025-07-27 16:01:18,526 basehttp "GET /api/inspection-list/ HTTP/1.1" 200 190
WARNING 2025-07-27 16:01:30,326 log Not Found: /api/inspection-list/1
WARNING 2025-07-27 16:01:30,327 basehttp "GET /api/inspection-list/1 HTTP/1.1" 404 3899
WARNING 2025-07-27 16:01:34,819 log Not Found: /api/inspection-list/1/
WARNING 2025-07-27 16:01:34,819 basehttp "GET /api/inspection-list/1/ HTTP/1.1" 404 3902
INFO 2025-07-27 16:01:41,994 basehttp "GET /api/inspection-list/ HTTP/1.1" 200 190
INFO 2025-07-27 16:10:03,063 autoreload E:\Inspekt_Project\inspektlabs_project\api\views.py changed, reloading.
INFO 2025-07-27 16:10:03,907 autoreload Watching for file changes with StatReloader
INFO 2025-07-27 16:10:19,445 autoreload E:\Inspekt_Project\inspektlabs_project\api\views.py changed, reloading.
INFO 2025-07-27 16:10:20,104 autoreload Watching for file changes with StatReloader
INFO 2025-07-27 16:10:29,289 autoreload E:\Inspekt_Project\inspektlabs_project\api\views.py changed, reloading.
INFO 2025-07-27 16:10:29,907 autoreload Watching for file changes with StatReloader
INFO 2025-07-27 16:10:34,969 autoreload E:\Inspekt_Project\inspektlabs_project\api\views.py changed, reloading.
INFO 2025-07-27 16:10:35,553 autoreload Watching for file changes with StatReloader
INFO 2025-07-27 16:11:14,124 autoreload E:\Inspekt_Project\inspektlabs_project\api\views.py changed, reloading.
INFO 2025-07-27 16:11:14,747 autoreload Watching for file changes with StatReloader
INFO 2025-07-27 16:11:38,604 autoreload E:\Inspekt_Project\inspektlabs_project\inspektlabs_project\urls.py changed, reloading.
INFO 2025-07-27 16:11:39,277 autoreload Watching for file changes with StatReloader
INFO 2025-07-30 17:59:27,736 autoreload Watching for file changes with StatReloader
